<?xml version="1.0" encoding="UTF-8"?>
<!-- Generated by org.testng.reporters.JUnitReportReporter -->
<testsuite skipped="0" hostname="DESKTOP-7EO4L8F" name="test.test" tests="1" failures="0" timestamp="18 Dec 2019 23:48:55 GMT" time="13.281" errors="0">
  <testcase name="firstTest" time="13.281" classname="test.test"/>
</testsuite> <!-- test.test -->
